

Version:	3.50
CmdLine:	C:\Users\Dylan Patel\Desktop\C_Escape\out\Game.exe --l4j-debug
JNI:		No
WOW64:		Yes
Working dir:	C:\Users\Dylan Patel\Desktop\C_Escape\out\.
Requires JDK:	No
Requires 64-Bit: No
Java min ver:	1.007.000
Java max ver:	1.009.000
JRE paths:	C:\Program Files\Java\jre1.8.0_431
Check launcher:	C:\Program Files\Java\jre1.8.0_431\bin\javaw.exe (OK)
Version string: 1.008.000_431 / 64-Bit (OK)
Launcher:	C:\Program Files\Java\jre1.8.0_431\bin\javaw.exe
Launcher args:	-jar "C:\Users\Dylan Patel\Desktop\C_Escape\out\Game.exe"
Args length:	57/32768 chars
Exit code:	0


Version:	3.50
CmdLine:	C:\Users\Dylan Patel\Desktop\C_Escape\out\Game.exe --l4j-debug
JNI:		No
WOW64:		Yes
Working dir:	C:\Users\Dylan Patel\Desktop\C_Escape\out\.
Requires JDK:	No
Requires 64-Bit: No
Java min ver:	1.021.000
Java max ver:	
JRE paths:	C:\Program Files\Java\jre1.8.0_431
Check launcher:	C:\Program Files\Java\jre1.8.0_431\bin\javaw.exe (OK)
Version string: 1.008.000_431 / 64-Bit (Ignore)
64-bit search:	SOFTWARE\JavaSoft\Java Runtime Environment...
Check:		SOFTWARE\JavaSoft\Java Runtime Environment\1.8
Version string: 1.008.000 / 64-Bit (Ignore)
Ignore:		1.008.000
Check:		SOFTWARE\JavaSoft\Java Runtime Environment\1.8.0_431
Version string: 1.008.000_431 / 64-Bit (Ignore)
Ignore:		1.008.000_431
32-bit search:	SOFTWARE\JavaSoft\Java Runtime Environment...
64-bit search:	SOFTWARE\JavaSoft\Java Development Kit...
32-bit search:	SOFTWARE\JavaSoft\Java Development Kit...
64-bit search:	SOFTWARE\JavaSoft\JRE...
32-bit search:	SOFTWARE\JavaSoft\JRE...
64-bit search:	SOFTWARE\JavaSoft\JDK...
Check:		SOFTWARE\JavaSoft\JDK\19.0.2
Version string: 1.019.000_002 / 64-Bit (Ignore)
Ignore:		1.019.000_002
Check:		SOFTWARE\JavaSoft\JDK\20.0.2
Version string: 1.020.000_002 / 64-Bit (Ignore)
Ignore:		1.020.000_002
Check:		SOFTWARE\JavaSoft\JDK\21.0.2
Version string: 1.021.000_002 / 64-Bit (OK)
Check launcher:	C:\Program Files\Java\jdk-21\bin\javaw.exe (OK)
Match:		1.021.000_002
Runtime used:	1.021.000_002 (64-bit)
Launcher:	C:\Program Files\Java\jdk-21\bin\javaw.exe
Launcher args:	-jar "C:\Users\Dylan Patel\Desktop\C_Escape\out\Game.exe"
Args length:	57/32768 chars
Exit code:	0


Version:	3.50
CmdLine:	C:\Users\Dylan Patel\Desktop\C_Escape\out\Game.exe --l4j-debug
JNI:		No
WOW64:		Yes
Working dir:	C:\Users\Dylan Patel\Desktop\C_Escape\out\.
Requires JDK:	No
Requires 64-Bit: No
Java min ver:	1.021.000
Java max ver:	
JRE paths:	C:\Program Files\Java\jre1.8.0_431
Check launcher:	C:\Program Files\Java\jre1.8.0_431\bin\javaw.exe (OK)
Version string: 1.008.000_431 / 64-Bit (Ignore)
64-bit search:	SOFTWARE\JavaSoft\Java Runtime Environment...
Check:		SOFTWARE\JavaSoft\Java Runtime Environment\1.8
Version string: 1.008.000 / 64-Bit (Ignore)
Ignore:		1.008.000
Check:		SOFTWARE\JavaSoft\Java Runtime Environment\1.8.0_431
Version string: 1.008.000_431 / 64-Bit (Ignore)
Ignore:		1.008.000_431
32-bit search:	SOFTWARE\JavaSoft\Java Runtime Environment...
64-bit search:	SOFTWARE\JavaSoft\Java Development Kit...
32-bit search:	SOFTWARE\JavaSoft\Java Development Kit...
64-bit search:	SOFTWARE\JavaSoft\JRE...
32-bit search:	SOFTWARE\JavaSoft\JRE...
64-bit search:	SOFTWARE\JavaSoft\JDK...
Check:		SOFTWARE\JavaSoft\JDK\19.0.2
Version string: 1.019.000_002 / 64-Bit (Ignore)
Ignore:		1.019.000_002
Check:		SOFTWARE\JavaSoft\JDK\20.0.2
Version string: 1.020.000_002 / 64-Bit (Ignore)
Ignore:		1.020.000_002
Check:		SOFTWARE\JavaSoft\JDK\21.0.2
Version string: 1.021.000_002 / 64-Bit (OK)
Check launcher:	C:\Program Files\Java\jdk-21\bin\javaw.exe (OK)
Match:		1.021.000_002
Runtime used:	1.021.000_002 (64-bit)
Launcher:	C:\Program Files\Java\jdk-21\bin\javaw.exe
Launcher args:	-jar "C:\Users\Dylan Patel\Desktop\C_Escape\out\Game.exe"
Args length:	57/32768 chars
Exit code:	0


Version:	3.50
CmdLine:	C:\Users\Dylan Patel\Desktop\C_Escape\out\Game.exe --l4j-debug
JNI:		No
WOW64:		Yes
Working dir:	C:\Users\Dylan Patel\Desktop\C_Escape\out\.
Requires JDK:	No
Requires 64-Bit: No
Java min ver:	1.021.000
Java max ver:	
JRE paths:	C:\Program Files\Java\jre1.8.0_431
Check launcher:	C:\Program Files\Java\jre1.8.0_431\bin\javaw.exe (OK)
Version string: 1.008.000_431 / 64-Bit (Ignore)
64-bit search:	SOFTWARE\JavaSoft\Java Runtime Environment...
Check:		SOFTWARE\JavaSoft\Java Runtime Environment\1.8
Version string: 1.008.000 / 64-Bit (Ignore)
Ignore:		1.008.000
Check:		SOFTWARE\JavaSoft\Java Runtime Environment\1.8.0_431
Version string: 1.008.000_431 / 64-Bit (Ignore)
Ignore:		1.008.000_431
32-bit search:	SOFTWARE\JavaSoft\Java Runtime Environment...
64-bit search:	SOFTWARE\JavaSoft\Java Development Kit...
32-bit search:	SOFTWARE\JavaSoft\Java Development Kit...
64-bit search:	SOFTWARE\JavaSoft\JRE...
32-bit search:	SOFTWARE\JavaSoft\JRE...
64-bit search:	SOFTWARE\JavaSoft\JDK...
Check:		SOFTWARE\JavaSoft\JDK\19.0.2
Version string: 1.019.000_002 / 64-Bit (Ignore)
Ignore:		1.019.000_002
Check:		SOFTWARE\JavaSoft\JDK\20.0.2
Version string: 1.020.000_002 / 64-Bit (Ignore)
Ignore:		1.020.000_002
Check:		SOFTWARE\JavaSoft\JDK\21.0.2
Version string: 1.021.000_002 / 64-Bit (OK)
Check launcher:	C:\Program Files\Java\jdk-21\bin\javaw.exe (OK)
Match:		1.021.000_002
Runtime used:	1.021.000_002 (64-bit)
Launcher:	C:\Program Files\Java\jdk-21\bin\javaw.exe
Launcher args:	-jar "C:\Users\Dylan Patel\Desktop\C_Escape\out\Game.exe"
Args length:	57/32768 chars
Exit code:	0


Version:	3.50
CmdLine:	C:\Users\Dylan Patel\Desktop\C_Escape\out\Game.exe --l4j-debug
JNI:		No
WOW64:		Yes
Working dir:	C:\Users\Dylan Patel\Desktop\C_Escape\out\.
Requires JDK:	No
Requires 64-Bit: No
Java min ver:	1.021.000
Java max ver:	
JRE paths:	C:\Program Files\Java\jre1.8.0_431
Check launcher:	C:\Program Files\Java\jre1.8.0_431\bin\javaw.exe (OK)
Version string: 1.008.000_431 / 64-Bit (Ignore)
64-bit search:	SOFTWARE\JavaSoft\Java Runtime Environment...
Check:		SOFTWARE\JavaSoft\Java Runtime Environment\1.8
Version string: 1.008.000 / 64-Bit (Ignore)
Ignore:		1.008.000
Check:		SOFTWARE\JavaSoft\Java Runtime Environment\1.8.0_431
Version string: 1.008.000_431 / 64-Bit (Ignore)
Ignore:		1.008.000_431
32-bit search:	SOFTWARE\JavaSoft\Java Runtime Environment...
64-bit search:	SOFTWARE\JavaSoft\Java Development Kit...
32-bit search:	SOFTWARE\JavaSoft\Java Development Kit...
64-bit search:	SOFTWARE\JavaSoft\JRE...
32-bit search:	SOFTWARE\JavaSoft\JRE...
64-bit search:	SOFTWARE\JavaSoft\JDK...
Check:		SOFTWARE\JavaSoft\JDK\19.0.2
Version string: 1.019.000_002 / 64-Bit (Ignore)
Ignore:		1.019.000_002
Check:		SOFTWARE\JavaSoft\JDK\20.0.2
Version string: 1.020.000_002 / 64-Bit (Ignore)
Ignore:		1.020.000_002
Check:		SOFTWARE\JavaSoft\JDK\21.0.2
Version string: 1.021.000_002 / 64-Bit (OK)
Check launcher:	C:\Program Files\Java\jdk-21\bin\javaw.exe (OK)
Match:		1.021.000_002
Runtime used:	1.021.000_002 (64-bit)
Launcher:	C:\Program Files\Java\jdk-21\bin\javaw.exe
Launcher args:	-jar "C:\Users\Dylan Patel\Desktop\C_Escape\out\Game.exe"
Args length:	57/32768 chars
Exit code:	0


Version:	3.50
CmdLine:	C:\Users\Dylan Patel\Desktop\C_Escape\out\Game.exe --l4j-debug
JNI:		No
WOW64:		Yes
Working dir:	C:\Users\Dylan Patel\Desktop\C_Escape\out\.
Requires JDK:	No
Requires 64-Bit: No
Java min ver:	1.021.000
Java max ver:	
JRE paths:	C:\Program Files\Java\jre1.8.0_431
Check launcher:	C:\Program Files\Java\jre1.8.0_431\bin\javaw.exe (OK)
Version string: 1.008.000_431 / 64-Bit (Ignore)
64-bit search:	SOFTWARE\JavaSoft\Java Runtime Environment...
Check:		SOFTWARE\JavaSoft\Java Runtime Environment\1.8
Version string: 1.008.000 / 64-Bit (Ignore)
Ignore:		1.008.000
Check:		SOFTWARE\JavaSoft\Java Runtime Environment\1.8.0_431
Version string: 1.008.000_431 / 64-Bit (Ignore)
Ignore:		1.008.000_431
32-bit search:	SOFTWARE\JavaSoft\Java Runtime Environment...
64-bit search:	SOFTWARE\JavaSoft\Java Development Kit...
32-bit search:	SOFTWARE\JavaSoft\Java Development Kit...
64-bit search:	SOFTWARE\JavaSoft\JRE...
32-bit search:	SOFTWARE\JavaSoft\JRE...
64-bit search:	SOFTWARE\JavaSoft\JDK...
Check:		SOFTWARE\JavaSoft\JDK\19.0.2
Version string: 1.019.000_002 / 64-Bit (Ignore)
Ignore:		1.019.000_002
Check:		SOFTWARE\JavaSoft\JDK\20.0.2
Version string: 1.020.000_002 / 64-Bit (Ignore)
Ignore:		1.020.000_002
Check:		SOFTWARE\JavaSoft\JDK\21.0.2
Version string: 1.021.000_002 / 64-Bit (OK)
Check launcher:	C:\Program Files\Java\jdk-21\bin\javaw.exe (OK)
Match:		1.021.000_002
Runtime used:	1.021.000_002 (64-bit)
Launcher:	C:\Program Files\Java\jdk-21\bin\javaw.exe
Launcher args:	-jar "C:\Users\Dylan Patel\Desktop\C_Escape\out\Game.exe"
Args length:	57/32768 chars
Exit code:	0


Version:	3.50
CmdLine:	C:\Users\Dylan Patel\Desktop\C_Escape\out\Game.exe --l4j-debug
JNI:		No
WOW64:		Yes
Working dir:	C:\Users\Dylan Patel\Desktop\C_Escape\out\.
Requires JDK:	No
Requires 64-Bit: No
Java min ver:	1.021.000
Java max ver:	
JRE paths:	C:\Program Files\Java\jre1.8.0_431
Check launcher:	C:\Program Files\Java\jre1.8.0_431\bin\javaw.exe (OK)
Version string: 1.008.000_431 / 64-Bit (Ignore)
64-bit search:	SOFTWARE\JavaSoft\Java Runtime Environment...
Check:		SOFTWARE\JavaSoft\Java Runtime Environment\1.8
Version string: 1.008.000 / 64-Bit (Ignore)
Ignore:		1.008.000
Check:		SOFTWARE\JavaSoft\Java Runtime Environment\1.8.0_431
Version string: 1.008.000_431 / 64-Bit (Ignore)
Ignore:		1.008.000_431
32-bit search:	SOFTWARE\JavaSoft\Java Runtime Environment...
64-bit search:	SOFTWARE\JavaSoft\Java Development Kit...
32-bit search:	SOFTWARE\JavaSoft\Java Development Kit...
64-bit search:	SOFTWARE\JavaSoft\JRE...
32-bit search:	SOFTWARE\JavaSoft\JRE...
64-bit search:	SOFTWARE\JavaSoft\JDK...
Check:		SOFTWARE\JavaSoft\JDK\19.0.2
Version string: 1.019.000_002 / 64-Bit (Ignore)
Ignore:		1.019.000_002
Check:		SOFTWARE\JavaSoft\JDK\20.0.2
Version string: 1.020.000_002 / 64-Bit (Ignore)
Ignore:		1.020.000_002
Check:		SOFTWARE\JavaSoft\JDK\21.0.2
Version string: 1.021.000_002 / 64-Bit (OK)
Check launcher:	C:\Program Files\Java\jdk-21\bin\javaw.exe (OK)
Match:		1.021.000_002
Runtime used:	1.021.000_002 (64-bit)
Launcher:	C:\Program Files\Java\jdk-21\bin\javaw.exe
Launcher args:	-jar "C:\Users\Dylan Patel\Desktop\C_Escape\out\Game.exe"
Args length:	57/32768 chars
Exit code:	0
